<?xml version="1.0" encoding="UTF-8"?>
<testsuites name="NoParam" time="37.318" tests="2" failures="1" errors="0">
   <testsuite name="NoParam" tests="2" failures="1" errors="0" time="37.318" skipped="0" timestamp="2022-02-16 14:54:11" hostname="guineapig - 7ca67a86ceda" id="Test Suites/NoParam">
      <properties>
         <property name="deviceName" value=""/>
         <property name="devicePlatform" value=""/>
         <property name="logFolder" value="/home/guineapig/dd3dc2b6-e670-4761-9bc5-b7a10137ce2c/katalonWeb/Reports/20220216_145402/NoParam/20220216_145403"/>
         <property name="logFiles" value="/home/guineapig/dd3dc2b6-e670-4761-9bc5-b7a10137ce2c/katalonWeb/Reports/20220216_145402/NoParam/20220216_145403/execution0.log"/>
         <property name="attachments" value="/home/guineapig/dd3dc2b6-e670-4761-9bc5-b7a10137ce2c/katalonWeb/Reports/20220216_145402/NoParam/20220216_145403/1645023288802.png, /home/guineapig/dd3dc2b6-e670-4761-9bc5-b7a10137ce2c/katalonWeb/Reports/20220216_145402/NoParam/20220216_145403/1645023288917.png"/>
         <property name="hostName" value="guineapig - 7ca67a86ceda"/>
         <property name="os" value="Linux 64bit"/>
         <property name="katalonVersion" value="8.2.5.208"/>
         <property name="browser" value="Firefox 88.0"/>
         <property name="hostAddress" value="172.17.0.4"/>
         <property name="sessionId" value="2564bdf0-3a16-4ed7-b6b5-ae58c6598682"/>
         <property name="seleniumVersion" value="3.141.59"/>
         <property name="proxyInformation" value="ProxyInformation { proxyOption=NO_PROXY, proxyServerType=HTTP, username=, password=********, proxyServerAddress=, proxyServerPort=0, executionList=&quot;&quot;, isApplyToDesiredCapabilities=true }"/>
         <property name="platform" value="Linux"/>
      </properties>
      <testcase name="Test Cases/RobotOK" time="24.142" classname="Test Cases/RobotOK" status="PASSED">
         <system-out><![CDATA[2022-02-16 14:54:12 - [TEST_CASE][PASSED] - Test Cases/RobotOK: Test Cases/RobotOK

2022-02-16 14:54:13 - [TEST_STEP][PASSED] - openBrowser(""): Browser is opened with url: ''

2022-02-16 14:54:14 - [MESSAGE][INFO] - Starting 'Firefox' driver

2022-02-16 14:54:14 - [MESSAGE][INFO] - Action delay is set to 0 milliseconds

2022-02-16 14:54:20 - [MESSAGE][PASSED] - Browser is opened with url: ''

2022-02-16 14:54:20 - [TEST_STEP][PASSED] - navigateToUrl("https://squash-tf.readthedocs.io/en/latest/"): Navigate to 'https://squash-tf.readthedocs.io/en/latest/' successfully

2022-02-16 14:54:24 - [MESSAGE][PASSED] - Navigate to 'https://squash-tf.readthedocs.io/en/latest/' successfully

2022-02-16 14:54:24 - [TEST_STEP][PASSED] - click(findTestObject("Object Repository/Page_Welcome to Squash TF components docume_c5d9e5/div_Docs               Welcome to Squash TF_84596f")): Object: 'Object Repository/Page_Welcome to Squash TF components docume_c5d9e5/div_Docs               Welcome to Squash TF_84596f' is clicked on

2022-02-16 14:54:25 - [MESSAGE][PASSED] - Object: 'Object Repository/Page_Welcome to Squash TF components docume_c5d9e5/div_Docs               Welcome to Squash TF_84596f' is clicked on

2022-02-16 14:54:25 - [TEST_STEP][PASSED] - waitForElementPresent(findTestObject("Object Repository/Page_Welcome to Squash TF components docume_c5d9e5/h1_Welcome to Squash TF components documentation"), 0): Object 'Object Repository/Page_Welcome to Squash TF components docume_c5d9e5/h1_Welcome to Squash TF components documentation' is present

2022-02-16 14:54:25 - [MESSAGE][WARNING] - Timeout '0' is invalid. Using default page load timeout: '30'

2022-02-16 14:54:25 - [MESSAGE][PASSED] - Object 'Object Repository/Page_Welcome to Squash TF components docume_c5d9e5/h1_Welcome to Squash TF components documentation' is present

2022-02-16 14:54:25 - [TEST_STEP][PASSED] - verifyElementPresent(findTestObject("Object Repository/Page_Welcome to Squash TF components docume_c5d9e5/a_Runners"), 0): Object 'Object Repository/Page_Welcome to Squash TF components docume_c5d9e5/a_Runners' is present

2022-02-16 14:54:25 - [MESSAGE][WARNING] - Timeout '0' is invalid. Using default page load timeout: '30'

2022-02-16 14:54:26 - [MESSAGE][PASSED] - Object 'Object Repository/Page_Welcome to Squash TF components docume_c5d9e5/a_Runners' is present

2022-02-16 14:54:26 - [TEST_STEP][PASSED] - verifyElementClickable(findTestObject("Object Repository/Page_Welcome to Squash TF components docume_c5d9e5/a_Runners")): Object 'Object Repository/Page_Welcome to Squash TF components docume_c5d9e5/a_Runners' is clickable

2022-02-16 14:54:26 - [MESSAGE][PASSED] - Object 'Object Repository/Page_Welcome to Squash TF components docume_c5d9e5/a_Runners' is clickable

2022-02-16 14:54:26 - [TEST_STEP][PASSED] - click(findTestObject("Object Repository/Page_Welcome to Squash TF components docume_c5d9e5/a_Runners")): Object: 'Object Repository/Page_Welcome to Squash TF components docume_c5d9e5/a_Runners' is clicked on

2022-02-16 14:54:27 - [MESSAGE][PASSED] - Object: 'Object Repository/Page_Welcome to Squash TF components docume_c5d9e5/a_Runners' is clicked on

2022-02-16 14:54:27 - [TEST_STEP][PASSED] - waitForElementPresent(findTestObject("Object Repository/Page_Squash TF Runners  Squash TF component_4bce69/h1_Squash TF Runners"), 0): Object 'Object Repository/Page_Squash TF Runners  Squash TF component_4bce69/h1_Squash TF Runners' is present

2022-02-16 14:54:27 - [MESSAGE][WARNING] - Timeout '0' is invalid. Using default page load timeout: '30'

2022-02-16 14:54:27 - [MESSAGE][PASSED] - Object 'Object Repository/Page_Squash TF Runners  Squash TF component_4bce69/h1_Squash TF Runners' is present

2022-02-16 14:54:27 - [TEST_STEP][PASSED] - verifyElementPresent(findTestObject("Object Repository/Page_Squash TF Runners  Squash TF component_4bce69/a_Robot Framework Runner"), 0): Object 'Object Repository/Page_Squash TF Runners  Squash TF component_4bce69/a_Robot Framework Runner' is present

2022-02-16 14:54:27 - [MESSAGE][WARNING] - Timeout '0' is invalid. Using default page load timeout: '30'

2022-02-16 14:54:28 - [MESSAGE][PASSED] - Object 'Object Repository/Page_Squash TF Runners  Squash TF component_4bce69/a_Robot Framework Runner' is present

2022-02-16 14:54:28 - [TEST_STEP][PASSED] - click(findTestObject("Object Repository/Page_Squash TF Runners  Squash TF component_4bce69/div_Docs               Squash TF Runners   _0e9efa")): Object: 'Object Repository/Page_Squash TF Runners  Squash TF component_4bce69/div_Docs               Squash TF Runners   _0e9efa' is clicked on

2022-02-16 14:54:28 - [MESSAGE][PASSED] - Object: 'Object Repository/Page_Squash TF Runners  Squash TF component_4bce69/div_Docs               Squash TF Runners   _0e9efa' is clicked on

2022-02-16 14:54:28 - [TEST_STEP][PASSED] - verifyElementPresent(findTestObject("Object Repository/Page_Squash TF Runners  Squash TF component_4bce69/a_Robot Framework Runner"), 0): Object 'Object Repository/Page_Squash TF Runners  Squash TF component_4bce69/a_Robot Framework Runner' is present

2022-02-16 14:54:28 - [MESSAGE][WARNING] - Timeout '0' is invalid. Using default page load timeout: '30'

2022-02-16 14:54:29 - [MESSAGE][PASSED] - Object 'Object Repository/Page_Squash TF Runners  Squash TF component_4bce69/a_Robot Framework Runner' is present

2022-02-16 14:54:29 - [TEST_STEP][PASSED] - click(findTestObject("Object Repository/Page_Squash TF Runners  Squash TF component_4bce69/a_Robot Framework Runner")): Object: 'Object Repository/Page_Squash TF Runners  Squash TF component_4bce69/a_Robot Framework Runner' is clicked on

2022-02-16 14:54:32 - [MESSAGE][PASSED] - Object: 'Object Repository/Page_Squash TF Runners  Squash TF component_4bce69/a_Robot Framework Runner' is clicked on

2022-02-16 14:54:32 - [TEST_STEP][PASSED] - waitForElementPresent(findTestObject("Object Repository/Page_Squash TF Robot Framework Runner  Squa_e6b447/h1_Squash TF Robot Framework Runner"), 0): Object 'Object Repository/Page_Squash TF Robot Framework Runner  Squa_e6b447/h1_Squash TF Robot Framework Runner' is present

2022-02-16 14:54:32 - [MESSAGE][WARNING] - Timeout '0' is invalid. Using default page load timeout: '30'

2022-02-16 14:54:33 - [MESSAGE][PASSED] - Object 'Object Repository/Page_Squash TF Robot Framework Runner  Squa_e6b447/h1_Squash TF Robot Framework Runner' is present

2022-02-16 14:54:33 - [TEST_STEP][PASSED] - verifyElementPresent(findTestObject("Object Repository/Page_Squash TF Robot Framework Runner  Squa_e6b447/a_Runner functions"), 0): Object 'Object Repository/Page_Squash TF Robot Framework Runner  Squa_e6b447/a_Runner functions' is present

2022-02-16 14:54:33 - [MESSAGE][WARNING] - Timeout '0' is invalid. Using default page load timeout: '30'

2022-02-16 14:54:33 - [MESSAGE][PASSED] - Object 'Object Repository/Page_Squash TF Robot Framework Runner  Squa_e6b447/a_Runner functions' is present

2022-02-16 14:54:33 - [TEST_STEP][PASSED] - verifyElementPresent(findTestObject("Object Repository/Page_Squash TF Robot Framework Runner  Squa_e6b447/a_Metadata in Robot Framework Runner"), 0): Object 'Object Repository/Page_Squash TF Robot Framework Runner  Squa_e6b447/a_Metadata in Robot Framework Runner' is present

2022-02-16 14:54:33 - [MESSAGE][WARNING] - Timeout '0' is invalid. Using default page load timeout: '30'

2022-02-16 14:54:33 - [MESSAGE][PASSED] - Object 'Object Repository/Page_Squash TF Robot Framework Runner  Squa_e6b447/a_Metadata in Robot Framework Runner' is present

2022-02-16 14:54:33 - [TEST_STEP][PASSED] - verifyElementPresent(findTestObject("Object Repository/Page_Squash TF Robot Framework Runner  Squa_e6b447/a_TF Param Service"), 0): Object 'Object Repository/Page_Squash TF Robot Framework Runner  Squa_e6b447/a_TF Param Service' is present

2022-02-16 14:54:33 - [MESSAGE][WARNING] - Timeout '0' is invalid. Using default page load timeout: '30'

2022-02-16 14:54:33 - [MESSAGE][PASSED] - Object 'Object Repository/Page_Squash TF Robot Framework Runner  Squa_e6b447/a_TF Param Service' is present

2022-02-16 14:54:33 - [TEST_STEP][PASSED] - click(findTestObject("Object Repository/Page_Squash TF Robot Framework Runner  Squa_e6b447/a_TF Param Service")): Object: 'Object Repository/Page_Squash TF Robot Framework Runner  Squa_e6b447/a_TF Param Service' is clicked on

2022-02-16 14:54:35 - [MESSAGE][PASSED] - Object: 'Object Repository/Page_Squash TF Robot Framework Runner  Squa_e6b447/a_TF Param Service' is clicked on

2022-02-16 14:54:35 - [TEST_STEP][PASSED] - waitForElementPresent(findTestObject("Object Repository/Page_TF Param Service  Squash TF Robot Fram_898208/h1_TF Param Service"), 0): Object 'Object Repository/Page_TF Param Service  Squash TF Robot Fram_898208/h1_TF Param Service' is present

2022-02-16 14:54:35 - [MESSAGE][WARNING] - Timeout '0' is invalid. Using default page load timeout: '30'

2022-02-16 14:54:35 - [MESSAGE][PASSED] - Object 'Object Repository/Page_TF Param Service  Squash TF Robot Fram_898208/h1_TF Param Service' is present

2022-02-16 14:54:35 - [TEST_STEP][PASSED] - verifyElementText(findTestObject("Object Repository/Page_TF Param Service  Squash TF Robot Fram_898208/div_python -m pip install squash-tf-services"), "python -m pip install squash-tf-services"): Actual text and expected text of test object 'Object Repository/Page_TF Param Service  Squash TF Robot Fram_898208/div_python -m pip install squash-tf-services' are matched.

2022-02-16 14:54:36 - [MESSAGE][PASSED] - Actual text and expected text of test object 'Object Repository/Page_TF Param Service  Squash TF Robot Fram_898208/div_python -m pip install squash-tf-services' are matched.

2022-02-16 14:54:36 - [TEST_STEP][PASSED] - closeBrowser(): Browser is closed

2022-02-16 14:54:36 - [MESSAGE][PASSED] - Browser is closed]]></system-out>
         <system-err><![CDATA[]]></system-err>
      </testcase>
      <testcase name="Test Cases/JUnitKO" time="12.153" classname="Test Cases/JUnitKO" status="FAILED">
         <failure type="FAILED" message="Test Cases/JUnitKO FAILED.
Reason:
com.kms.katalon.core.exception.StepFailedException: Verify element text of test object 'Object Repository/Page_Metadata in JUnit runner  Squash TF Ja_16dea5/div_dependency  groupIdorg.squashtest.ta.ga_1d4d3e' FAILED.
	at com.kms.katalon.core.webui.keyword.internal.WebUIKeywordMain.stepFailed(WebUIKeywordMain.groovy:64)
	at com.kms.katalon.core.webui.keyword.internal.WebUIKeywordMain.runKeyword(WebUIKeywordMain.groovy:26)
	at com.kms.katalon.core.webui.keyword.builtin.VerifyElementTextKeyword.verifyElementText(VerifyElementTextKeyword.groovy:72)
	at com.kms.katalon.core.webui.keyword.builtin.VerifyElementTextKeyword.execute(VerifyElementTextKeyword.groovy:40)
	at com.kms.katalon.core.keyword.internal.KeywordExecutor.executeKeywordForPlatform(KeywordExecutor.groovy:74)
	at com.kms.katalon.core.webui.keyword.WebUiBuiltInKeywords.verifyElementText(WebUiBuiltInKeywords.groovy:4749)
	at com.kms.katalon.core.webui.keyword.WebUiBuiltInKeywords$verifyElementText$5.call(Unknown Source)
	at JUnitKO.run(JUnitKO:57)
	at com.kms.katalon.core.main.ScriptEngine.run(ScriptEngine.java:194)
	at com.kms.katalon.core.main.ScriptEngine.runScriptAsRawText(ScriptEngine.java:119)
	at com.kms.katalon.core.main.TestCaseExecutor.runScript(TestCaseExecutor.java:442)
	at com.kms.katalon.core.main.TestCaseExecutor.doExecute(TestCaseExecutor.java:433)
	at com.kms.katalon.core.main.TestCaseExecutor.processExecutionPhase(TestCaseExecutor.java:412)
	at com.kms.katalon.core.main.TestCaseExecutor.accessMainPhase(TestCaseExecutor.java:404)
	at com.kms.katalon.core.main.TestCaseExecutor.execute(TestCaseExecutor.java:281)
	at com.kms.katalon.core.main.TestSuiteExecutor.accessTestCaseMainPhase(TestSuiteExecutor.java:202)
	at com.kms.katalon.core.main.TestSuiteExecutor.accessTestSuiteMainPhase(TestSuiteExecutor.java:164)
	at com.kms.katalon.core.main.TestSuiteExecutor.execute(TestSuiteExecutor.java:105)
	at com.kms.katalon.core.main.TestCaseMain.startTestSuite(TestCaseMain.java:185)
	at com.kms.katalon.core.main.TestCaseMain$startTestSuite$0.call(Unknown Source)
	at TempTestSuite1645023243642.run(TempTestSuite1645023243642.groovy:36)
Caused by: com.kms.katalon.core.exception.StepFailedException: Actual text '&lt;dependency>
  &lt;groupId>org.squashtest.ta.galaxia&lt;/groupId>
  &lt;artifactId>squash-tf-galaxia-annotations&lt;/artifactId>
  &lt;version>1.0.0-RELEASE&lt;/version>
&lt;/dependency>' and expected text 'dependency' of test object 'Object Repository/Page_Metadata in JUnit runner  Squash TF Ja_16dea5/div_dependency  groupIdorg.squashtest.ta.ga_1d4d3e' are NOT matched.
	at com.kms.katalon.core.webui.keyword.internal.WebUIKeywordMain.stepFailed(WebUIKeywordMain.groovy:64)
	at com.kms.katalon.core.webui.keyword.builtin.VerifyElementTextKeyword$_verifyElementText_closure1.doCall(VerifyElementTextKeyword.groovy:57)
	at com.kms.katalon.core.webui.keyword.builtin.VerifyElementTextKeyword$_verifyElementText_closure1.call(VerifyElementTextKeyword.groovy)
	at com.kms.katalon.core.webui.keyword.internal.WebUIKeywordMain.runKeyword(WebUIKeywordMain.groovy:20)
	... 19 more
"/>
         <system-out><![CDATA[2022-02-16 14:54:36 - [TEST_CASE][FAILED] - Test Cases/JUnitKO: Test Cases/JUnitKO FAILED.
Reason:
com.kms.katalon.core.exception.StepFailedException: Verify element text of test object 'Object Repository/Page_Metadata in JUnit runner  Squash TF Ja_16dea5/div_dependency  groupIdorg.squashtest.ta.ga_1d4d3e' FAILED.
	at com.kms.katalon.core.webui.keyword.internal.WebUIKeywordMain.stepFailed(WebUIKeywordMain.groovy:64)
	at com.kms.katalon.core.webui.keyword.internal.WebUIKeywordMain.runKeyword(WebUIKeywordMain.groovy:26)
	at com.kms.katalon.core.webui.keyword.builtin.VerifyElementTextKeyword.verifyElementText(VerifyElementTextKeyword.groovy:72)
	at com.kms.katalon.core.webui.keyword.builtin.VerifyElementTextKeyword.execute(VerifyElementTextKeyword.groovy:40)
	at com.kms.katalon.core.keyword.internal.KeywordExecutor.executeKeywordForPlatform(KeywordExecutor.groovy:74)
	at com.kms.katalon.core.webui.keyword.WebUiBuiltInKeywords.verifyElementText(WebUiBuiltInKeywords.groovy:4749)
	at com.kms.katalon.core.webui.keyword.WebUiBuiltInKeywords$verifyElementText$5.call(Unknown Source)
	at JUnitKO.run(JUnitKO:57)
	at com.kms.katalon.core.main.ScriptEngine.run(ScriptEngine.java:194)
	at com.kms.katalon.core.main.ScriptEngine.runScriptAsRawText(ScriptEngine.java:119)
	at com.kms.katalon.core.main.TestCaseExecutor.runScript(TestCaseExecutor.java:442)
	at com.kms.katalon.core.main.TestCaseExecutor.doExecute(TestCaseExecutor.java:433)
	at com.kms.katalon.core.main.TestCaseExecutor.processExecutionPhase(TestCaseExecutor.java:412)
	at com.kms.katalon.core.main.TestCaseExecutor.accessMainPhase(TestCaseExecutor.java:404)
	at com.kms.katalon.core.main.TestCaseExecutor.execute(TestCaseExecutor.java:281)
	at com.kms.katalon.core.main.TestSuiteExecutor.accessTestCaseMainPhase(TestSuiteExecutor.java:202)
	at com.kms.katalon.core.main.TestSuiteExecutor.accessTestSuiteMainPhase(TestSuiteExecutor.java:164)
	at com.kms.katalon.core.main.TestSuiteExecutor.execute(TestSuiteExecutor.java:105)
	at com.kms.katalon.core.main.TestCaseMain.startTestSuite(TestCaseMain.java:185)
	at com.kms.katalon.core.main.TestCaseMain$startTestSuite$0.call(Unknown Source)
	at TempTestSuite1645023243642.run(TempTestSuite1645023243642.groovy:36)
Caused by: com.kms.katalon.core.exception.StepFailedException: Actual text '<dependency>
  <groupId>org.squashtest.ta.galaxia</groupId>
  <artifactId>squash-tf-galaxia-annotations</artifactId>
  <version>1.0.0-RELEASE</version>
</dependency>' and expected text 'dependency' of test object 'Object Repository/Page_Metadata in JUnit runner  Squash TF Ja_16dea5/div_dependency  groupIdorg.squashtest.ta.ga_1d4d3e' are NOT matched.
	at com.kms.katalon.core.webui.keyword.internal.WebUIKeywordMain.stepFailed(WebUIKeywordMain.groovy:64)
	at com.kms.katalon.core.webui.keyword.builtin.VerifyElementTextKeyword$_verifyElementText_closure1.doCall(VerifyElementTextKeyword.groovy:57)
	at com.kms.katalon.core.webui.keyword.builtin.VerifyElementTextKeyword$_verifyElementText_closure1.call(VerifyElementTextKeyword.groovy)
	at com.kms.katalon.core.webui.keyword.internal.WebUIKeywordMain.runKeyword(WebUIKeywordMain.groovy:20)
	... 19 more


2022-02-16 14:54:37 - [TEST_STEP][PASSED] - openBrowser(""): Browser is opened with url: ''

2022-02-16 14:54:37 - [MESSAGE][INFO] - Starting 'Firefox' driver

2022-02-16 14:54:37 - [MESSAGE][INFO] - Action delay is set to 0 milliseconds

2022-02-16 14:54:40 - [MESSAGE][PASSED] - Browser is opened with url: ''

2022-02-16 14:54:40 - [TEST_STEP][PASSED] - navigateToUrl("https://squash-tf.readthedocs.io/en/latest/"): Navigate to 'https://squash-tf.readthedocs.io/en/latest/' successfully

2022-02-16 14:54:42 - [MESSAGE][PASSED] - Navigate to 'https://squash-tf.readthedocs.io/en/latest/' successfully

2022-02-16 14:54:42 - [TEST_STEP][PASSED] - waitForElementPresent(findTestObject("Object Repository/Page_Welcome to Squash TF components docume_c5d9e5/h1_Welcome to Squash TF components documentation"), 0): Object 'Object Repository/Page_Welcome to Squash TF components docume_c5d9e5/h1_Welcome to Squash TF components documentation' is present

2022-02-16 14:54:42 - [MESSAGE][WARNING] - Timeout '0' is invalid. Using default page load timeout: '30'

2022-02-16 14:54:42 - [MESSAGE][PASSED] - Object 'Object Repository/Page_Welcome to Squash TF components docume_c5d9e5/h1_Welcome to Squash TF components documentation' is present

2022-02-16 14:54:42 - [TEST_STEP][PASSED] - verifyElementPresent(findTestObject("Object Repository/Page_Welcome to Squash TF components docume_c5d9e5/a_Squash TF Java Junit Runner"), 0): Object 'Object Repository/Page_Welcome to Squash TF components docume_c5d9e5/a_Squash TF Java Junit Runner' is present

2022-02-16 14:54:42 - [MESSAGE][WARNING] - Timeout '0' is invalid. Using default page load timeout: '30'

2022-02-16 14:54:43 - [MESSAGE][PASSED] - Object 'Object Repository/Page_Welcome to Squash TF components docume_c5d9e5/a_Squash TF Java Junit Runner' is present

2022-02-16 14:54:43 - [TEST_STEP][PASSED] - verifyElementClickable(findTestObject("Object Repository/Page_Welcome to Squash TF components docume_c5d9e5/a_Squash TF Java Junit Runner")): Object 'Object Repository/Page_Welcome to Squash TF components docume_c5d9e5/a_Squash TF Java Junit Runner' is clickable

2022-02-16 14:54:43 - [MESSAGE][PASSED] - Object 'Object Repository/Page_Welcome to Squash TF components docume_c5d9e5/a_Squash TF Java Junit Runner' is clickable

2022-02-16 14:54:43 - [TEST_STEP][PASSED] - click(findTestObject("Object Repository/Page_Welcome to Squash TF components docume_c5d9e5/a_Squash TF Java Junit Runner")): Object: 'Object Repository/Page_Welcome to Squash TF components docume_c5d9e5/a_Squash TF Java Junit Runner' is clicked on

2022-02-16 14:54:44 - [MESSAGE][PASSED] - Object: 'Object Repository/Page_Welcome to Squash TF components docume_c5d9e5/a_Squash TF Java Junit Runner' is clicked on

2022-02-16 14:54:44 - [TEST_STEP][PASSED] - waitForElementPresent(findTestObject("Object Repository/Page_Squash TF Java Junit Runner  Squash TF_5f4e23/h1_Squash TF Java Junit Runner"), 0): Object 'Object Repository/Page_Squash TF Java Junit Runner  Squash TF_5f4e23/h1_Squash TF Java Junit Runner' is present

2022-02-16 14:54:45 - [MESSAGE][WARNING] - Timeout '0' is invalid. Using default page load timeout: '30'

2022-02-16 14:54:45 - [MESSAGE][PASSED] - Object 'Object Repository/Page_Squash TF Java Junit Runner  Squash TF_5f4e23/h1_Squash TF Java Junit Runner' is present

2022-02-16 14:54:45 - [TEST_STEP][PASSED] - verifyElementPresent(findTestObject("Object Repository/Page_Squash TF Java Junit Runner  Squash TF_5f4e23/a_Runner functions"), 0): Object 'Object Repository/Page_Squash TF Java Junit Runner  Squash TF_5f4e23/a_Runner functions' is present

2022-02-16 14:54:45 - [MESSAGE][WARNING] - Timeout '0' is invalid. Using default page load timeout: '30'

2022-02-16 14:54:45 - [MESSAGE][PASSED] - Object 'Object Repository/Page_Squash TF Java Junit Runner  Squash TF_5f4e23/a_Runner functions' is present

2022-02-16 14:54:45 - [TEST_STEP][PASSED] - verifyElementPresent(findTestObject("Object Repository/Page_Squash TF Java Junit Runner  Squash TF_5f4e23/a_Junit tests reference scheme"), 0): Object 'Object Repository/Page_Squash TF Java Junit Runner  Squash TF_5f4e23/a_Junit tests reference scheme' is present

2022-02-16 14:54:45 - [MESSAGE][WARNING] - Timeout '0' is invalid. Using default page load timeout: '30'

2022-02-16 14:54:46 - [MESSAGE][PASSED] - Object 'Object Repository/Page_Squash TF Java Junit Runner  Squash TF_5f4e23/a_Junit tests reference scheme' is present

2022-02-16 14:54:46 - [TEST_STEP][PASSED] - verifyElementPresent(findTestObject("Object Repository/Page_Squash TF Java Junit Runner  Squash TF_5f4e23/a_METADATA in JUnit Runner"), 0): Object 'Object Repository/Page_Squash TF Java Junit Runner  Squash TF_5f4e23/a_METADATA in JUnit Runner' is present

2022-02-16 14:54:46 - [MESSAGE][WARNING] - Timeout '0' is invalid. Using default page load timeout: '30'

2022-02-16 14:54:46 - [MESSAGE][PASSED] - Object 'Object Repository/Page_Squash TF Java Junit Runner  Squash TF_5f4e23/a_METADATA in JUnit Runner' is present

2022-02-16 14:54:46 - [TEST_STEP][PASSED] - verifyElementPresent(findTestObject("Object Repository/Page_Squash TF Java Junit Runner  Squash TF_5f4e23/a_TF Param Service"), 0): Object 'Object Repository/Page_Squash TF Java Junit Runner  Squash TF_5f4e23/a_TF Param Service' is present

2022-02-16 14:54:46 - [MESSAGE][WARNING] - Timeout '0' is invalid. Using default page load timeout: '30'

2022-02-16 14:54:46 - [MESSAGE][PASSED] - Object 'Object Repository/Page_Squash TF Java Junit Runner  Squash TF_5f4e23/a_TF Param Service' is present

2022-02-16 14:54:46 - [TEST_STEP][PASSED] - verifyElementPresent(findTestObject("Object Repository/Page_Squash TF Java Junit Runner  Squash TF_5f4e23/a_Creating projects"), 0): Object 'Object Repository/Page_Squash TF Java Junit Runner  Squash TF_5f4e23/a_Creating projects' is present

2022-02-16 14:54:46 - [MESSAGE][WARNING] - Timeout '0' is invalid. Using default page load timeout: '30'

2022-02-16 14:54:46 - [MESSAGE][PASSED] - Object 'Object Repository/Page_Squash TF Java Junit Runner  Squash TF_5f4e23/a_Creating projects' is present

2022-02-16 14:54:46 - [TEST_STEP][PASSED] - click(findTestObject("Object Repository/Page_Squash TF Java Junit Runner  Squash TF_5f4e23/a_METADATA in JUnit Runner")): Object: 'Object Repository/Page_Squash TF Java Junit Runner  Squash TF_5f4e23/a_METADATA in JUnit Runner' is clicked on

2022-02-16 14:54:47 - [MESSAGE][PASSED] - Object: 'Object Repository/Page_Squash TF Java Junit Runner  Squash TF_5f4e23/a_METADATA in JUnit Runner' is clicked on

2022-02-16 14:54:47 - [TEST_STEP][PASSED] - waitForElementPresent(findTestObject("Object Repository/Page_Metadata in JUnit runner  Squash TF Ja_16dea5/h1_Metadata in JUnit runner"), 0): Object 'Object Repository/Page_Metadata in JUnit runner  Squash TF Ja_16dea5/h1_Metadata in JUnit runner' is present

2022-02-16 14:54:47 - [MESSAGE][WARNING] - Timeout '0' is invalid. Using default page load timeout: '30'

2022-02-16 14:54:48 - [MESSAGE][PASSED] - Object 'Object Repository/Page_Metadata in JUnit runner  Squash TF Ja_16dea5/h1_Metadata in JUnit runner' is present

2022-02-16 14:54:48 - [TEST_STEP][FAILED] - verifyElementText(findTestObject("Page_Metadata in JUnit runner  Squash TF Ja_16dea5/div_dependency  groupIdorg.squashtest.ta.ga_1d4d3e"), "dependency"): Verify element text of test object 'Object Repository/Page_Metadata in JUnit runner  Squash TF Ja_16dea5/div_dependency  groupIdorg.squashtest.ta.ga_1d4d3e' FAILED. (Root cause: com.kms.katalon.core.exception.StepFailedException: Verify element text of test object 'Object Repository/Page_Metadata in JUnit runner  Squash TF Ja_16dea5/div_dependency  groupIdorg.squashtest.ta.ga_1d4d3e' FAILED.
	at com.kms.katalon.core.webui.keyword.internal.WebUIKeywordMain.stepFailed(WebUIKeywordMain.groovy:64)
	at com.kms.katalon.core.webui.keyword.internal.WebUIKeywordMain.runKeyword(WebUIKeywordMain.groovy:26)
	at com.kms.katalon.core.webui.keyword.builtin.VerifyElementTextKeyword.verifyElementText(VerifyElementTextKeyword.groovy:72)
	at com.kms.katalon.core.webui.keyword.builtin.VerifyElementTextKeyword.execute(VerifyElementTextKeyword.groovy:40)
	at com.kms.katalon.core.keyword.internal.KeywordExecutor.executeKeywordForPlatform(KeywordExecutor.groovy:74)
	at com.kms.katalon.core.webui.keyword.WebUiBuiltInKeywords.verifyElementText(WebUiBuiltInKeywords.groovy:4749)
	at com.kms.katalon.core.webui.keyword.WebUiBuiltInKeywords$verifyElementText$5.call(Unknown Source)
	at JUnitKO.run(JUnitKO:57)
	at com.kms.katalon.core.main.ScriptEngine.run(ScriptEngine.java:194)
	at com.kms.katalon.core.main.ScriptEngine.runScriptAsRawText(ScriptEngine.java:119)
	at com.kms.katalon.core.main.TestCaseExecutor.runScript(TestCaseExecutor.java:442)
	at com.kms.katalon.core.main.TestCaseExecutor.doExecute(TestCaseExecutor.java:433)
	at com.kms.katalon.core.main.TestCaseExecutor.processExecutionPhase(TestCaseExecutor.java:412)
	at com.kms.katalon.core.main.TestCaseExecutor.accessMainPhase(TestCaseExecutor.java:404)
	at com.kms.katalon.core.main.TestCaseExecutor.execute(TestCaseExecutor.java:281)
	at com.kms.katalon.core.main.TestSuiteExecutor.accessTestCaseMainPhase(TestSuiteExecutor.java:202)
	at com.kms.katalon.core.main.TestSuiteExecutor.accessTestSuiteMainPhase(TestSuiteExecutor.java:164)
	at com.kms.katalon.core.main.TestSuiteExecutor.execute(TestSuiteExecutor.java:105)
	at com.kms.katalon.core.main.TestCaseMain.startTestSuite(TestCaseMain.java:185)
	at com.kms.katalon.core.main.TestCaseMain$startTestSuite$0.call(Unknown Source)
	at TempTestSuite1645023243642.run(TempTestSuite1645023243642.groovy:36)
Caused by: com.kms.katalon.core.exception.StepFailedException: Actual text '<dependency>
  <groupId>org.squashtest.ta.galaxia</groupId>
  <artifactId>squash-tf-galaxia-annotations</artifactId>
  <version>1.0.0-RELEASE</version>
</dependency>' and expected text 'dependency' of test object 'Object Repository/Page_Metadata in JUnit runner  Squash TF Ja_16dea5/div_dependency  groupIdorg.squashtest.ta.ga_1d4d3e' are NOT matched.
	at com.kms.katalon.core.webui.keyword.internal.WebUIKeywordMain.stepFailed(WebUIKeywordMain.groovy:64)
	at com.kms.katalon.core.webui.keyword.builtin.VerifyElementTextKeyword$_verifyElementText_closure1.doCall(VerifyElementTextKeyword.groovy:57)
	at com.kms.katalon.core.webui.keyword.builtin.VerifyElementTextKeyword$_verifyElementText_closure1.call(VerifyElementTextKeyword.groovy)
	at com.kms.katalon.core.webui.keyword.internal.WebUIKeywordMain.runKeyword(WebUIKeywordMain.groovy:20)
	... 19 more
)

2022-02-16 14:54:48 - [MESSAGE][FAILED] - Actual text '<dependency>
  <groupId>org.squashtest.ta.galaxia</groupId>
  <artifactId>squash-tf-galaxia-annotations</artifactId>
  <version>1.0.0-RELEASE</version>
</dependency>' and expected text 'dependency' of test object 'Object Repository/Page_Metadata in JUnit runner  Squash TF Ja_16dea5/div_dependency  groupIdorg.squashtest.ta.ga_1d4d3e' are NOT matched. (Root cause: com.kms.katalon.core.exception.StepFailedException: Actual text '<dependency>
  <groupId>org.squashtest.ta.galaxia</groupId>
  <artifactId>squash-tf-galaxia-annotations</artifactId>
  <version>1.0.0-RELEASE</version>
</dependency>' and expected text 'dependency' of test object 'Object Repository/Page_Metadata in JUnit runner  Squash TF Ja_16dea5/div_dependency  groupIdorg.squashtest.ta.ga_1d4d3e' are NOT matched.
	at com.kms.katalon.core.webui.keyword.internal.WebUIKeywordMain.stepFailed(WebUIKeywordMain.groovy:64)
	at com.kms.katalon.core.webui.keyword.builtin.VerifyElementTextKeyword$_verifyElementText_closure1.doCall(VerifyElementTextKeyword.groovy:57)
	at com.kms.katalon.core.webui.keyword.builtin.VerifyElementTextKeyword$_verifyElementText_closure1.call(VerifyElementTextKeyword.groovy)
	at com.kms.katalon.core.webui.keyword.internal.WebUIKeywordMain.runKeyword(WebUIKeywordMain.groovy:20)
	at com.kms.katalon.core.webui.keyword.builtin.VerifyElementTextKeyword.verifyElementText(VerifyElementTextKeyword.groovy:72)
	at com.kms.katalon.core.webui.keyword.builtin.VerifyElementTextKeyword.execute(VerifyElementTextKeyword.groovy:40)
	at com.kms.katalon.core.keyword.internal.KeywordExecutor.executeKeywordForPlatform(KeywordExecutor.groovy:74)
	at com.kms.katalon.core.webui.keyword.WebUiBuiltInKeywords.verifyElementText(WebUiBuiltInKeywords.groovy:4749)
	at com.kms.katalon.core.webui.keyword.WebUiBuiltInKeywords$verifyElementText$5.call(Unknown Source)
	at JUnitKO.run(JUnitKO:57)
	at com.kms.katalon.core.main.ScriptEngine.run(ScriptEngine.java:194)
	at com.kms.katalon.core.main.ScriptEngine.runScriptAsRawText(ScriptEngine.java:119)
	at com.kms.katalon.core.main.TestCaseExecutor.runScript(TestCaseExecutor.java:442)
	at com.kms.katalon.core.main.TestCaseExecutor.doExecute(TestCaseExecutor.java:433)
	at com.kms.katalon.core.main.TestCaseExecutor.processExecutionPhase(TestCaseExecutor.java:412)
	at com.kms.katalon.core.main.TestCaseExecutor.accessMainPhase(TestCaseExecutor.java:404)
	at com.kms.katalon.core.main.TestCaseExecutor.execute(TestCaseExecutor.java:281)
	at com.kms.katalon.core.main.TestSuiteExecutor.accessTestCaseMainPhase(TestSuiteExecutor.java:202)
	at com.kms.katalon.core.main.TestSuiteExecutor.accessTestSuiteMainPhase(TestSuiteExecutor.java:164)
	at com.kms.katalon.core.main.TestSuiteExecutor.execute(TestSuiteExecutor.java:105)
	at com.kms.katalon.core.main.TestCaseMain.startTestSuite(TestCaseMain.java:185)
	at com.kms.katalon.core.main.TestCaseMain$startTestSuite$0.call(Unknown Source)
	at TempTestSuite1645023243642.run(TempTestSuite1645023243642.groovy:36)
)
[[ATTACHMENT|/home/guineapig/dd3dc2b6-e670-4761-9bc5-b7a10137ce2c/katalonWeb/Reports/20220216_145402/NoParam/20220216_145403/1645023288802.png]]

2022-02-16 14:54:49 - [MESSAGE][FAILED] - Verify element text of test object 'Object Repository/Page_Metadata in JUnit runner  Squash TF Ja_16dea5/div_dependency  groupIdorg.squashtest.ta.ga_1d4d3e' FAILED. (Root cause: com.kms.katalon.core.exception.StepFailedException: Verify element text of test object 'Object Repository/Page_Metadata in JUnit runner  Squash TF Ja_16dea5/div_dependency  groupIdorg.squashtest.ta.ga_1d4d3e' FAILED.
	at com.kms.katalon.core.webui.keyword.internal.WebUIKeywordMain.stepFailed(WebUIKeywordMain.groovy:64)
	at com.kms.katalon.core.webui.keyword.internal.WebUIKeywordMain.runKeyword(WebUIKeywordMain.groovy:26)
	at com.kms.katalon.core.webui.keyword.builtin.VerifyElementTextKeyword.verifyElementText(VerifyElementTextKeyword.groovy:72)
	at com.kms.katalon.core.webui.keyword.builtin.VerifyElementTextKeyword.execute(VerifyElementTextKeyword.groovy:40)
	at com.kms.katalon.core.keyword.internal.KeywordExecutor.executeKeywordForPlatform(KeywordExecutor.groovy:74)
	at com.kms.katalon.core.webui.keyword.WebUiBuiltInKeywords.verifyElementText(WebUiBuiltInKeywords.groovy:4749)
	at com.kms.katalon.core.webui.keyword.WebUiBuiltInKeywords$verifyElementText$5.call(Unknown Source)
	at JUnitKO.run(JUnitKO:57)
	at com.kms.katalon.core.main.ScriptEngine.run(ScriptEngine.java:194)
	at com.kms.katalon.core.main.ScriptEngine.runScriptAsRawText(ScriptEngine.java:119)
	at com.kms.katalon.core.main.TestCaseExecutor.runScript(TestCaseExecutor.java:442)
	at com.kms.katalon.core.main.TestCaseExecutor.doExecute(TestCaseExecutor.java:433)
	at com.kms.katalon.core.main.TestCaseExecutor.processExecutionPhase(TestCaseExecutor.java:412)
	at com.kms.katalon.core.main.TestCaseExecutor.accessMainPhase(TestCaseExecutor.java:404)
	at com.kms.katalon.core.main.TestCaseExecutor.execute(TestCaseExecutor.java:281)
	at com.kms.katalon.core.main.TestSuiteExecutor.accessTestCaseMainPhase(TestSuiteExecutor.java:202)
	at com.kms.katalon.core.main.TestSuiteExecutor.accessTestSuiteMainPhase(TestSuiteExecutor.java:164)
	at com.kms.katalon.core.main.TestSuiteExecutor.execute(TestSuiteExecutor.java:105)
	at com.kms.katalon.core.main.TestCaseMain.startTestSuite(TestCaseMain.java:185)
	at com.kms.katalon.core.main.TestCaseMain$startTestSuite$0.call(Unknown Source)
	at TempTestSuite1645023243642.run(TempTestSuite1645023243642.groovy:36)
Caused by: com.kms.katalon.core.exception.StepFailedException: Actual text '<dependency>
  <groupId>org.squashtest.ta.galaxia</groupId>
  <artifactId>squash-tf-galaxia-annotations</artifactId>
  <version>1.0.0-RELEASE</version>
</dependency>' and expected text 'dependency' of test object 'Object Repository/Page_Metadata in JUnit runner  Squash TF Ja_16dea5/div_dependency  groupIdorg.squashtest.ta.ga_1d4d3e' are NOT matched.
	at com.kms.katalon.core.webui.keyword.internal.WebUIKeywordMain.stepFailed(WebUIKeywordMain.groovy:64)
	at com.kms.katalon.core.webui.keyword.builtin.VerifyElementTextKeyword$_verifyElementText_closure1.doCall(VerifyElementTextKeyword.groovy:57)
	at com.kms.katalon.core.webui.keyword.builtin.VerifyElementTextKeyword$_verifyElementText_closure1.call(VerifyElementTextKeyword.groovy)
	at com.kms.katalon.core.webui.keyword.internal.WebUIKeywordMain.runKeyword(WebUIKeywordMain.groovy:20)
	... 19 more
)
[[ATTACHMENT|/home/guineapig/dd3dc2b6-e670-4761-9bc5-b7a10137ce2c/katalonWeb/Reports/20220216_145402/NoParam/20220216_145403/1645023288917.png]]]]></system-out>
         <system-err><![CDATA[2022-02-16 14:54:36 - [TEST_CASE][FAILED] - Test Cases/JUnitKO: Test Cases/JUnitKO FAILED.
Reason:
com.kms.katalon.core.exception.StepFailedException: Verify element text of test object 'Object Repository/Page_Metadata in JUnit runner  Squash TF Ja_16dea5/div_dependency  groupIdorg.squashtest.ta.ga_1d4d3e' FAILED.
	at com.kms.katalon.core.webui.keyword.internal.WebUIKeywordMain.stepFailed(WebUIKeywordMain.groovy:64)
	at com.kms.katalon.core.webui.keyword.internal.WebUIKeywordMain.runKeyword(WebUIKeywordMain.groovy:26)
	at com.kms.katalon.core.webui.keyword.builtin.VerifyElementTextKeyword.verifyElementText(VerifyElementTextKeyword.groovy:72)
	at com.kms.katalon.core.webui.keyword.builtin.VerifyElementTextKeyword.execute(VerifyElementTextKeyword.groovy:40)
	at com.kms.katalon.core.keyword.internal.KeywordExecutor.executeKeywordForPlatform(KeywordExecutor.groovy:74)
	at com.kms.katalon.core.webui.keyword.WebUiBuiltInKeywords.verifyElementText(WebUiBuiltInKeywords.groovy:4749)
	at com.kms.katalon.core.webui.keyword.WebUiBuiltInKeywords$verifyElementText$5.call(Unknown Source)
	at JUnitKO.run(JUnitKO:57)
	at com.kms.katalon.core.main.ScriptEngine.run(ScriptEngine.java:194)
	at com.kms.katalon.core.main.ScriptEngine.runScriptAsRawText(ScriptEngine.java:119)
	at com.kms.katalon.core.main.TestCaseExecutor.runScript(TestCaseExecutor.java:442)
	at com.kms.katalon.core.main.TestCaseExecutor.doExecute(TestCaseExecutor.java:433)
	at com.kms.katalon.core.main.TestCaseExecutor.processExecutionPhase(TestCaseExecutor.java:412)
	at com.kms.katalon.core.main.TestCaseExecutor.accessMainPhase(TestCaseExecutor.java:404)
	at com.kms.katalon.core.main.TestCaseExecutor.execute(TestCaseExecutor.java:281)
	at com.kms.katalon.core.main.TestSuiteExecutor.accessTestCaseMainPhase(TestSuiteExecutor.java:202)
	at com.kms.katalon.core.main.TestSuiteExecutor.accessTestSuiteMainPhase(TestSuiteExecutor.java:164)
	at com.kms.katalon.core.main.TestSuiteExecutor.execute(TestSuiteExecutor.java:105)
	at com.kms.katalon.core.main.TestCaseMain.startTestSuite(TestCaseMain.java:185)
	at com.kms.katalon.core.main.TestCaseMain$startTestSuite$0.call(Unknown Source)
	at TempTestSuite1645023243642.run(TempTestSuite1645023243642.groovy:36)
Caused by: com.kms.katalon.core.exception.StepFailedException: Actual text '<dependency>
  <groupId>org.squashtest.ta.galaxia</groupId>
  <artifactId>squash-tf-galaxia-annotations</artifactId>
  <version>1.0.0-RELEASE</version>
</dependency>' and expected text 'dependency' of test object 'Object Repository/Page_Metadata in JUnit runner  Squash TF Ja_16dea5/div_dependency  groupIdorg.squashtest.ta.ga_1d4d3e' are NOT matched.
	at com.kms.katalon.core.webui.keyword.internal.WebUIKeywordMain.stepFailed(WebUIKeywordMain.groovy:64)
	at com.kms.katalon.core.webui.keyword.builtin.VerifyElementTextKeyword$_verifyElementText_closure1.doCall(VerifyElementTextKeyword.groovy:57)
	at com.kms.katalon.core.webui.keyword.builtin.VerifyElementTextKeyword$_verifyElementText_closure1.call(VerifyElementTextKeyword.groovy)
	at com.kms.katalon.core.webui.keyword.internal.WebUIKeywordMain.runKeyword(WebUIKeywordMain.groovy:20)
	... 19 more]]></system-err>
      </testcase>
      <system-out><![CDATA[2022-02-16 14:54:11 - [TEST_SUITE][FAILED] - NoParam: Test Cases/JUnitKO FAILED.
Reason:
com.kms.katalon.core.exception.StepFailedException: Verify element text of test object 'Object Repository/Page_Metadata in JUnit runner  Squash TF Ja_16dea5/div_dependency  groupIdorg.squashtest.ta.ga_1d4d3e' FAILED.
	at com.kms.katalon.core.webui.keyword.internal.WebUIKeywordMain.stepFailed(WebUIKeywordMain.groovy:64)
	at com.kms.katalon.core.webui.keyword.internal.WebUIKeywordMain.runKeyword(WebUIKeywordMain.groovy:26)
	at com.kms.katalon.core.webui.keyword.builtin.VerifyElementTextKeyword.verifyElementText(VerifyElementTextKeyword.groovy:72)
	at com.kms.katalon.core.webui.keyword.builtin.VerifyElementTextKeyword.execute(VerifyElementTextKeyword.groovy:40)
	at com.kms.katalon.core.keyword.internal.KeywordExecutor.executeKeywordForPlatform(KeywordExecutor.groovy:74)
	at com.kms.katalon.core.webui.keyword.WebUiBuiltInKeywords.verifyElementText(WebUiBuiltInKeywords.groovy:4749)
	at com.kms.katalon.core.webui.keyword.WebUiBuiltInKeywords$verifyElementText$5.call(Unknown Source)
	at JUnitKO.run(JUnitKO:57)
	at com.kms.katalon.core.main.ScriptEngine.run(ScriptEngine.java:194)
	at com.kms.katalon.core.main.ScriptEngine.runScriptAsRawText(ScriptEngine.java:119)
	at com.kms.katalon.core.main.TestCaseExecutor.runScript(TestCaseExecutor.java:442)
	at com.kms.katalon.core.main.TestCaseExecutor.doExecute(TestCaseExecutor.java:433)
	at com.kms.katalon.core.main.TestCaseExecutor.processExecutionPhase(TestCaseExecutor.java:412)
	at com.kms.katalon.core.main.TestCaseExecutor.accessMainPhase(TestCaseExecutor.java:404)
	at com.kms.katalon.core.main.TestCaseExecutor.execute(TestCaseExecutor.java:281)
	at com.kms.katalon.core.main.TestSuiteExecutor.accessTestCaseMainPhase(TestSuiteExecutor.java:202)
	at com.kms.katalon.core.main.TestSuiteExecutor.accessTestSuiteMainPhase(TestSuiteExecutor.java:164)
	at com.kms.katalon.core.main.TestSuiteExecutor.execute(TestSuiteExecutor.java:105)
	at com.kms.katalon.core.main.TestCaseMain.startTestSuite(TestCaseMain.java:185)
	at com.kms.katalon.core.main.TestCaseMain$startTestSuite$0.call(Unknown Source)
	at TempTestSuite1645023243642.run(TempTestSuite1645023243642.groovy:36)
Caused by: com.kms.katalon.core.exception.StepFailedException: Actual text '<dependency>
  <groupId>org.squashtest.ta.galaxia</groupId>
  <artifactId>squash-tf-galaxia-annotations</artifactId>
  <version>1.0.0-RELEASE</version>
</dependency>' and expected text 'dependency' of test object 'Object Repository/Page_Metadata in JUnit runner  Squash TF Ja_16dea5/div_dependency  groupIdorg.squashtest.ta.ga_1d4d3e' are NOT matched.
	at com.kms.katalon.core.webui.keyword.internal.WebUIKeywordMain.stepFailed(WebUIKeywordMain.groovy:64)
	at com.kms.katalon.core.webui.keyword.builtin.VerifyElementTextKeyword$_verifyElementText_closure1.doCall(VerifyElementTextKeyword.groovy:57)
	at com.kms.katalon.core.webui.keyword.builtin.VerifyElementTextKeyword$_verifyElementText_closure1.call(VerifyElementTextKeyword.groovy)
	at com.kms.katalon.core.webui.keyword.internal.WebUIKeywordMain.runKeyword(WebUIKeywordMain.groovy:20)
	... 19 more]]></system-out>
      <system-err><![CDATA[2022-02-16 14:54:11 - [TEST_SUITE][FAILED] - NoParam: Test Cases/JUnitKO FAILED.
Reason:
com.kms.katalon.core.exception.StepFailedException: Verify element text of test object 'Object Repository/Page_Metadata in JUnit runner  Squash TF Ja_16dea5/div_dependency  groupIdorg.squashtest.ta.ga_1d4d3e' FAILED.
	at com.kms.katalon.core.webui.keyword.internal.WebUIKeywordMain.stepFailed(WebUIKeywordMain.groovy:64)
	at com.kms.katalon.core.webui.keyword.internal.WebUIKeywordMain.runKeyword(WebUIKeywordMain.groovy:26)
	at com.kms.katalon.core.webui.keyword.builtin.VerifyElementTextKeyword.verifyElementText(VerifyElementTextKeyword.groovy:72)
	at com.kms.katalon.core.webui.keyword.builtin.VerifyElementTextKeyword.execute(VerifyElementTextKeyword.groovy:40)
	at com.kms.katalon.core.keyword.internal.KeywordExecutor.executeKeywordForPlatform(KeywordExecutor.groovy:74)
	at com.kms.katalon.core.webui.keyword.WebUiBuiltInKeywords.verifyElementText(WebUiBuiltInKeywords.groovy:4749)
	at com.kms.katalon.core.webui.keyword.WebUiBuiltInKeywords$verifyElementText$5.call(Unknown Source)
	at JUnitKO.run(JUnitKO:57)
	at com.kms.katalon.core.main.ScriptEngine.run(ScriptEngine.java:194)
	at com.kms.katalon.core.main.ScriptEngine.runScriptAsRawText(ScriptEngine.java:119)
	at com.kms.katalon.core.main.TestCaseExecutor.runScript(TestCaseExecutor.java:442)
	at com.kms.katalon.core.main.TestCaseExecutor.doExecute(TestCaseExecutor.java:433)
	at com.kms.katalon.core.main.TestCaseExecutor.processExecutionPhase(TestCaseExecutor.java:412)
	at com.kms.katalon.core.main.TestCaseExecutor.accessMainPhase(TestCaseExecutor.java:404)
	at com.kms.katalon.core.main.TestCaseExecutor.execute(TestCaseExecutor.java:281)
	at com.kms.katalon.core.main.TestSuiteExecutor.accessTestCaseMainPhase(TestSuiteExecutor.java:202)
	at com.kms.katalon.core.main.TestSuiteExecutor.accessTestSuiteMainPhase(TestSuiteExecutor.java:164)
	at com.kms.katalon.core.main.TestSuiteExecutor.execute(TestSuiteExecutor.java:105)
	at com.kms.katalon.core.main.TestCaseMain.startTestSuite(TestCaseMain.java:185)
	at com.kms.katalon.core.main.TestCaseMain$startTestSuite$0.call(Unknown Source)
	at TempTestSuite1645023243642.run(TempTestSuite1645023243642.groovy:36)
Caused by: com.kms.katalon.core.exception.StepFailedException: Actual text '<dependency>
  <groupId>org.squashtest.ta.galaxia</groupId>
  <artifactId>squash-tf-galaxia-annotations</artifactId>
  <version>1.0.0-RELEASE</version>
</dependency>' and expected text 'dependency' of test object 'Object Repository/Page_Metadata in JUnit runner  Squash TF Ja_16dea5/div_dependency  groupIdorg.squashtest.ta.ga_1d4d3e' are NOT matched.
	at com.kms.katalon.core.webui.keyword.internal.WebUIKeywordMain.stepFailed(WebUIKeywordMain.groovy:64)
	at com.kms.katalon.core.webui.keyword.builtin.VerifyElementTextKeyword$_verifyElementText_closure1.doCall(VerifyElementTextKeyword.groovy:57)
	at com.kms.katalon.core.webui.keyword.builtin.VerifyElementTextKeyword$_verifyElementText_closure1.call(VerifyElementTextKeyword.groovy)
	at com.kms.katalon.core.webui.keyword.internal.WebUIKeywordMain.runKeyword(WebUIKeywordMain.groovy:20)
	... 19 more]]></system-err>
   </testsuite>
</testsuites>
