<?xml version="1.0" encoding="UTF-8"?>
<!-- Generated by org.testng.reporters.JUnitReportReporter -->
<testsuite hostname="windows-agent" failures="1" tests="1" name="firefox_ko" time="37.946" errors="0" timestamp="2021-08-02T13:58:34 CEST" skipped="0">
  <testcase classname="firefox_ko" name="testMain" time="37.946">
    <failure message="[ATS-FAILED] ActionAssertProperty (firefox_ko:5) -&gt; {&quot;app&quot;:&quot;firefox&quot;,&quot;errorCode&quot;:-6,&quot;errorMessage&quot;:&quot;property &#039;text&#039; with actual value &#039;Squash TF Java Junit Runner&#039; is not equals to &#039;Squash TF Java Robot Runner&#039; after 15968 ms&quot;}" type="com.ats.tools.logger.levels.AtsFailError">
      <![CDATA[com.ats.tools.logger.levels.AtsFailError: [ATS-FAILED] ActionAssertProperty (firefox_ko:5) -> {"app":"firefox","errorCode":-6,"errorMessage":"property 'text' with actual value 'Squash TF Java Junit Runner' is not equals to 'Squash TF Java Robot Runner' after 15968 ms"}
at com.ats.executor.ActionTestScript.actionFinished(ActionTestScript.java:783)
at com.ats.executor.ActionTestScript.exec(ActionTestScript.java:759)
at firefox_ko.testMain(firefox_ko.java:65)
at java.base/jdk.internal.reflect.NativeMethodAccessorImpl.invoke0(Native Method)
at java.base/jdk.internal.reflect.NativeMethodAccessorImpl.invoke(NativeMethodAccessorImpl.java:64)
at java.base/jdk.internal.reflect.DelegatingMethodAccessorImpl.invoke(DelegatingMethodAccessorImpl.java:43)
at java.base/java.lang.reflect.Method.invoke(Method.java:564)
at org.testng.internal.MethodInvocationHelper.invokeMethod(MethodInvocationHelper.java:132)
at org.testng.internal.TestInvoker.invokeMethod(TestInvoker.java:599)
at org.testng.internal.TestInvoker.invokeTestMethod(TestInvoker.java:174)
at org.testng.internal.MethodRunner.runInSequence(MethodRunner.java:46)
at org.testng.internal.TestInvoker$MethodInvocationAgent.invoke(TestInvoker.java:822)
at org.testng.internal.TestInvoker.invokeTestMethods(TestInvoker.java:147)
at org.testng.internal.TestMethodWorker.invokeTestMethods(TestMethodWorker.java:146)
at org.testng.internal.TestMethodWorker.run(TestMethodWorker.java:128)
at java.base/java.util.ArrayList.forEach(ArrayList.java:1511)
at org.testng.TestRunner.privateRun(TestRunner.java:764)
at org.testng.TestRunner.run(TestRunner.java:585)
at org.testng.SuiteRunner.runTest(SuiteRunner.java:384)
at org.testng.SuiteRunner.runSequentially(SuiteRunner.java:378)
at org.testng.SuiteRunner.privateRun(SuiteRunner.java:337)
at org.testng.SuiteRunner.run(SuiteRunner.java:286)
at org.testng.SuiteRunnerWorker.runSuite(SuiteRunnerWorker.java:53)
at org.testng.SuiteRunnerWorker.run(SuiteRunnerWorker.java:96)
at org.testng.TestNG.runSuitesSequentially(TestNG.java:1218)
at org.testng.TestNG.runSuitesSequentially(TestNG.java:1213)
at org.testng.TestNG.runSuitesLocally(TestNG.java:1140)
at org.testng.TestNG.runSuites(TestNG.java:1069)
at org.testng.TestNG.run(TestNG.java:1037)
at org.testng.TestNG.privateMain(TestNG.java:1371)
at org.testng.TestNG.main(TestNG.java:1335)
]]>
    </failure>
  </testcase> <!-- testMain -->
  <system-out/>
</testsuite> <!-- firefox_ko -->
